2025.11.14 17:50:39 INFO  Started: Metals version 1.6.3 in folders 'C:\Users\guilh\Documents\00-Master1IL\ACF\TP\TP67_ACF\TP67_ACF' for client Visual Studio Code 1.105.1.
2025.11.14 17:50:42 WARN  Using H2 2.4.240 which is newer than the version Flyway has been verified with. The latest verified version of H2 is 2.3.232.
2025.11.14 17:50:42 INFO  Shutting down server
2025.11.14 17:50:42 INFO  shutting down Metals
2025.11.14 17:50:42 INFO  Exiting server
2025.11.14 17:51:27 INFO  Started: Metals version 1.6.3 in folders 'C:\Users\guilh\Documents\00-Master1IL\ACF\TP\TP67_ACF\TP67_ACF' for client Visual Studio Code 1.106.0.
2025.11.14 17:51:30 WARN  Using H2 2.4.240 which is newer than the version Flyway has been verified with. The latest verified version of H2 is 2.3.232.
2025.11.14 17:51:30 INFO  Attempting to connect to the build server...
2025.11.14 17:51:30 INFO  Found a Bloop server running
2025.11.14 17:51:31 INFO  tracing is disabled for protocol BSP, to enable tracing of incoming and outgoing JSON messages create an empty file at C:\Users\guilh\Documents\00-Master1IL\ACF\TP\TP67_ACF\TP67_ACF\.metals\bsp.trace.json or C:\Users\guilh\AppData\Local\scalameta\metals\cache\bsp.trace.json
2025.11.14 17:51:31 INFO  Attempting to connect to the build server...
2025.11.14 17:51:31 INFO  Found a Bloop server running
2025.11.14 17:51:31 INFO  tracing is disabled for protocol BSP, to enable tracing of incoming and outgoing JSON messages create an empty file at C:\Users\guilh\Documents\00-Master1IL\ACF\TP\TP67_ACF\TP67_ACF\project\.metals\bsp.trace.json or C:\Users\guilh\AppData\Local\scalameta\metals\cache\bsp.trace.json
2025.11.14 17:51:31 INFO  time: Connected to build server in 1.22s
2025.11.14 17:51:31 INFO  running 'C:\Program Files\Java\jdk-17\bin\java.exe -Djline.terminal=jline.UnsupportedTerminal -Dsbt.log.noformat=true -Dfile.encoding=UTF-8 -jar C:\Users\guilh\AppData\Local\Temp\metals14420264790871902386\sbt-launch.jar -Dbloop.export-jar-classifiers=sources bloopInstall'
2025.11.14 17:51:34 INFO  [info] welcome to sbt 1.11.5 (Oracle Corporation Java 17.0.12)
2025.11.14 17:51:36 INFO  [info] loading settings for project tp67_acf-build-build from metals.sbt...
2025.11.14 17:51:38 INFO  [info] loading project definition from C:\Users\guilh\Documents\00-Master1IL\ACF\TP\TP67_ACF\TP67_ACF\project\project
2025.11.14 17:51:39 INFO  [info] loading settings for project tp67_acf-build from metals.sbt...
2025.11.14 17:51:39 INFO  [info] loading project definition from C:\Users\guilh\Documents\00-Master1IL\ACF\TP\TP67_ACF\TP67_ACF\project
2025.11.14 17:51:43 INFO  [success] Generated .bloop\tp67_acf-build.json
2025.11.14 17:51:43 INFO  [success] Total time: 4 s, completed 14 nov. 2025, 17:51:44
2025.11.14 17:51:43 INFO  [info] loading settings for project tp67_acf from build.sbt...
2025.11.14 17:51:43 INFO  [info] set current project to TP67_ACF (in build file:/C:/Users/guilh/Documents/00-Master1IL/ACF/TP/TP67_ACF/TP67_ACF/)
2025.11.14 17:51:45 INFO  [success] Generated .bloop\tp67_acf-test.json
2025.11.14 17:51:45 INFO  [success] Generated .bloop\tp67_acf.json
2025.11.14 17:51:45 INFO  [success] Total time: 1 s, completed 14 nov. 2025, 17:51:45
2025.11.14 17:51:45 INFO  time: ran 'sbt bloopInstall' in 13s
2025.11.14 17:51:45 INFO  Attempting to connect to the build server...
2025.11.14 17:51:45 INFO  Found a Bloop server running
2025.11.14 17:51:45 INFO  tracing is disabled for protocol BSP, to enable tracing of incoming and outgoing JSON messages create an empty file at C:\Users\guilh\Documents\00-Master1IL\ACF\TP\TP67_ACF\TP67_ACF\.metals\bsp.trace.json or C:\Users\guilh\AppData\Local\scalameta\metals\cache\bsp.trace.json
2025.11.14 17:51:45 INFO  Attempting to connect to the build server...
2025.11.14 17:51:45 INFO  Found a Bloop server running
2025.11.14 17:51:45 INFO  tracing is disabled for protocol BSP, to enable tracing of incoming and outgoing JSON messages create an empty file at C:\Users\guilh\Documents\00-Master1IL\ACF\TP\TP67_ACF\TP67_ACF\project\.metals\bsp.trace.json or C:\Users\guilh\AppData\Local\scalameta\metals\cache\bsp.trace.json
2025.11.14 17:51:45 INFO  time: Connected to build server in 0.28s
2025.11.14 17:51:45 INFO  Connected to Build server: Bloop v2.0.16
2025.11.14 17:51:46 INFO  time: Imported build in 0.3s
2025.11.14 17:51:57 WARN  Using H2 2.4.240 which is newer than the version Flyway has been verified with. The latest verified version of H2 is 2.3.232.
2025.11.14 17:52:12 INFO  time: indexed workspace in 26s
nov. 14, 2025 5:52:35 PM org.eclipse.lsp4j.jsonrpc.services.GenericEndpoint notify
INFO: Unsupported notification method: $/setTrace
2025.11.14 21:00:52 INFO  file:///C:/Users/guilh/Documents/00-Master1IL/ACF/TP/TP67_ACF/TP67_ACF/src/main/scala/tp67/tp67.scala:150:21: stale bloop warning: unreachable code
  case (true, p) => p
                    ^
nov. 14, 2025 9:00:53 PM org.eclipse.lsp4j.jsonrpc.RemoteEndpoint handleCancellation
WARNING: Unmatched cancel notification for request id 44
2025.11.14 21:00:54 INFO  compiling tp67_acf (1 scala source)
2025.11.14 21:00:54 INFO  time: code lens generation in 1.23s
2025.11.14 21:01:11 WARN  6 feature warnings; re-run with -feature for details
2025.11.14 21:01:11 INFO  time: compiled tp67_acf in 18s
2025.11.15 17:52:31 INFO  compiling tp67_acf (1 scala source)
2025.11.15 17:52:32 INFO  time: compiled tp67_acf in 1.05s
2025.11.15 17:52:36 INFO  compiling tp67_acf (1 scala source)
2025.11.15 17:52:36 INFO  time: compiled tp67_acf in 0.66s
2025.11.15 17:52:47 INFO  compiling tp67_acf (1 scala source)
2025.11.15 17:52:47 WARN  Invalid text document uri received from build server: file:///C:/Users/guilh/Documents/00-Master1IL/ACF/TP/TP67_ACF/TP67_ACF/src/main/scala/tp67/Debug.scala
2025.11.15 17:52:47 INFO  time: compiled tp67_acf in 0.4s
2025.11.15 17:52:47 INFO  compiling tp67_acf (1 scala source)
2025.11.15 17:52:47 INFO  time: compiled tp67_acf in 0.3s
2025.11.15 17:54:06 INFO  compiling tp67_acf (1 scala source)
2025.11.15 17:54:07 INFO  time: compiled tp67_acf in 1.63s
2025.11.15 18:13:55 INFO  file:///C:/Users/guilh/Documents/00-Master1IL/ACF/TP/TP67_ACF/TP67_ACF/src/main/scala/tp67/tp67.scala:187:21: stale bloop warning: unreachable code
  case (true, p) => p
                    ^
2025.11.15 18:13:57 INFO  compiling tp67_acf (1 scala source)
2025.11.15 18:14:02 WARN  6 feature warnings; re-run with -feature for details
2025.11.15 18:14:02 INFO  time: compiled tp67_acf in 5.12s
2025.11.15 18:19:07 INFO  file:///C:/Users/guilh/Documents/00-Master1IL/ACF/TP/TP67_ACF/TP67_ACF/src/main/scala/tp67/tp67.scala:173:21: stale bloop warning: unreachable code
  case (true, p) => p
                    ^
2025.11.15 18:19:09 INFO  compiling tp67_acf (1 scala source)
2025.11.15 18:19:13 WARN  6 feature warnings; re-run with -feature for details
2025.11.15 18:19:13 INFO  time: compiled tp67_acf in 3.53s
2025.11.15 18:19:13 ERROR scala.meta.internal.metals.debug.DiscoveryFailures$NoRunOptionException$: There is nothing to run or test in the current file.
	at scala.meta.internal.metals.debug.DiscoveryFailures$NoRunOptionException$.<clinit>(DiscoveryFailures.scala:66)
	at scala.meta.internal.metals.debug.DebugDiscovery.$anonfun$runOrTestFile$2(DebugDiscovery.scala:527)
	at scala.Option.fold(Option.scala:263)
	at scala.meta.internal.metals.debug.DebugDiscovery.runOrTestFile(DebugDiscovery.scala:512)
	at scala.meta.internal.metals.debug.DebugDiscovery.$anonfun$debugDiscovery$1(DebugDiscovery.scala:170)
	at scala.concurrent.impl.Promise$Transformation.run(Promise.scala:503)
	at java.util.concurrent.ThreadPoolExecutor.runWorker(ThreadPoolExecutor.java:1136)
	at java.util.concurrent.ThreadPoolExecutor$Worker.run(ThreadPoolExecutor.java:635)
	at java.lang.Thread.run(Thread.java:842)

2025.11.15 18:31:57 INFO  file:///C:/Users/guilh/Documents/00-Master1IL/ACF/TP/TP67_ACF/TP67_ACF/src/main/scala/tp67/tp67.scala:173:21: stale bloop warning: unreachable code
  case (true, p) => p
                    ^
2025.11.15 18:31:57 INFO  Created report: Optional[file:///C:/Users/guilh/Documents/00-Master1IL/ACF/TP/TP67_ACF/TP67_ACF/src/main/scala/tp67/tp67.scala]
2025.11.15 18:31:57 INFO  java.lang.StringIndexOutOfBoundsException: String index out of range: -1 (full report at: "C:\Users\guilh\Documents\00-Master1IL\ACF\TP\TP67_ACF\TP67_ACF\.metals\.reports\metals-full\2025-11-15\r_compiler-error_(tp67_5facf)_18-31-57-309.md")
2025.11.15 18:31:59 INFO  compiling tp67_acf (1 scala source)
2025.11.15 18:32:03 WARN  6 feature warnings; re-run with -feature for details
2025.11.15 18:32:03 INFO  time: compiled tp67_acf in 3.58s
2025.11.15 18:38:11 INFO  compiling tp67_acf (1 scala source)
2025.11.15 18:38:11 INFO  time: compiled tp67_acf in 0.98s
2025.11.15 18:43:18 INFO  file:///C:/Users/guilh/Documents/00-Master1IL/ACF/TP/TP67_ACF/TP67_ACF/src/main/scala/tp67/tp67.scala:173:21: stale bloop warning: unreachable code
  case (true, p) => p
                    ^
2025.11.15 18:43:20 INFO  compiling tp67_acf (1 scala source)
2025.11.15 18:43:24 WARN  6 feature warnings; re-run with -feature for details
2025.11.15 18:43:24 INFO  time: compiled tp67_acf in 3.93s
2025.11.15 18:55:01 INFO  file:///C:/Users/guilh/Documents/00-Master1IL/ACF/TP/TP67_ACF/TP67_ACF/src/main/scala/tp67/tp67.scala:187:21: stale bloop warning: unreachable code
  case (true, p) => p
                    ^
2025.11.15 18:55:03 INFO  compiling tp67_acf (1 scala source)
2025.11.15 18:55:06 WARN  6 feature warnings; re-run with -feature for details
2025.11.15 18:55:06 INFO  time: compiled tp67_acf in 3.65s
2025.11.15 18:56:01 INFO  compiling tp67_acf (1 scala source)
2025.11.15 18:56:02 INFO  time: compiled tp67_acf in 1.07s
Exception in thread "pool-6-thread-1" java.lang.InterruptedException
	at scala.meta.internal.metals.FutureCancelToken.checkCanceled(FutureCancelToken.scala:29)
	at scala.meta.internal.pc.CompilerAccess.$anonfun$onCompilerJobQueue$1(CompilerAccess.scala:207)
	at scala.meta.internal.pc.CompilerJobQueue$Job.run(CompilerJobQueue.scala:152)
	at java.base/java.util.concurrent.ThreadPoolExecutor.runWorker(ThreadPoolExecutor.java:1136)
	at java.base/java.util.concurrent.ThreadPoolExecutor$Worker.run(ThreadPoolExecutor.java:635)
	at java.base/java.lang.Thread.run(Thread.java:842)
Exception in thread "pool-6-thread-2" java.lang.InterruptedException
	at scala.meta.internal.metals.FutureCancelToken.checkCanceled(FutureCancelToken.scala:29)
	at scala.meta.internal.pc.CompilerAccess.$anonfun$onCompilerJobQueue$1(CompilerAccess.scala:207)
	at scala.meta.internal.pc.CompilerJobQueue$Job.run(CompilerJobQueue.scala:152)
	at java.base/java.util.concurrent.ThreadPoolExecutor.runWorker(ThreadPoolExecutor.java:1136)
	at java.base/java.util.concurrent.ThreadPoolExecutor$Worker.run(ThreadPoolExecutor.java:635)
	at java.base/java.lang.Thread.run(Thread.java:842)
2025.11.15 19:02:06 INFO  compiling tp67_acf (1 scala source)
2025.11.15 19:02:09 WARN  6 feature warnings; re-run with -feature for details
2025.11.15 19:02:09 INFO  time: compiled tp67_acf in 3.27s
2025.11.15 19:04:33 INFO  compiling tp67_acf (1 scala source)
2025.11.15 19:04:33 INFO  time: compiled tp67_acf in 0.67s
2025.11.15 19:05:29 INFO  time: compiled tp67_acf in 12ms
Exception in thread "pool-6-thread-3" java.lang.InterruptedException
	at scala.meta.internal.metals.FutureCancelToken.checkCanceled(FutureCancelToken.scala:29)
	at scala.meta.internal.pc.CompilerAccess.$anonfun$onCompilerJobQueue$1(CompilerAccess.scala:207)
	at scala.meta.internal.pc.CompilerJobQueue$Job.run(CompilerJobQueue.scala:152)
	at java.base/java.util.concurrent.ThreadPoolExecutor.runWorker(ThreadPoolExecutor.java:1136)
	at java.base/java.util.concurrent.ThreadPoolExecutor$Worker.run(ThreadPoolExecutor.java:635)
	at java.base/java.lang.Thread.run(Thread.java:842)
Exception in thread "pool-6-thread-4" java.lang.InterruptedException
	at scala.meta.internal.metals.FutureCancelToken.checkCanceled(FutureCancelToken.scala:29)
	at scala.meta.internal.pc.CompilerAccess.$anonfun$onCompilerJobQueue$1(CompilerAccess.scala:207)
	at scala.meta.internal.pc.CompilerJobQueue$Job.run(CompilerJobQueue.scala:152)
	at java.base/java.util.concurrent.ThreadPoolExecutor.runWorker(ThreadPoolExecutor.java:1136)
	at java.base/java.util.concurrent.ThreadPoolExecutor$Worker.run(ThreadPoolExecutor.java:635)
	at java.base/java.lang.Thread.run(Thread.java:842)
Exception in thread "pool-6-thread-5" java.lang.InterruptedException
	at scala.meta.internal.metals.FutureCancelToken.checkCanceled(FutureCancelToken.scala:29)
	at scala.meta.internal.pc.CompilerAccess.$anonfun$onCompilerJobQueue$1(CompilerAccess.scala:207)
	at scala.meta.internal.pc.CompilerJobQueue$Job.run(CompilerJobQueue.scala:152)
	at java.base/java.util.concurrent.ThreadPoolExecutor.runWorker(ThreadPoolExecutor.java:1136)
	at java.base/java.util.concurrent.ThreadPoolExecutor$Worker.run(ThreadPoolExecutor.java:635)
	at java.base/java.lang.Thread.run(Thread.java:842)
Exception in thread "pool-6-thread-6" java.lang.InterruptedException
	at scala.meta.internal.metals.FutureCancelToken.checkCanceled(FutureCancelToken.scala:29)
	at scala.meta.internal.pc.CompilerAccess.$anonfun$onCompilerJobQueue$1(CompilerAccess.scala:207)
	at scala.meta.internal.pc.CompilerJobQueue$Job.run(CompilerJobQueue.scala:152)
	at java.base/java.util.concurrent.ThreadPoolExecutor.runWorker(ThreadPoolExecutor.java:1136)
	at java.base/java.util.concurrent.ThreadPoolExecutor$Worker.run(ThreadPoolExecutor.java:635)
	at java.base/java.lang.Thread.run(Thread.java:842)
Exception in thread "pool-6-thread-7" java.lang.InterruptedException
	at scala.meta.internal.metals.FutureCancelToken.checkCanceled(FutureCancelToken.scala:29)
	at scala.meta.internal.pc.CompilerAccess.$anonfun$onCompilerJobQueue$1(CompilerAccess.scala:207)
	at scala.meta.internal.pc.CompilerJobQueue$Job.run(CompilerJobQueue.scala:152)
	at java.base/java.util.concurrent.ThreadPoolExecutor.runWorker(ThreadPoolExecutor.java:1136)
	at java.base/java.util.concurrent.ThreadPoolExecutor$Worker.run(ThreadPoolExecutor.java:635)
	at java.base/java.lang.Thread.run(Thread.java:842)
2025.11.15 19:06:23 INFO  compiling tp67_acf (1 scala source)
2025.11.15 19:06:26 WARN  6 feature warnings; re-run with -feature for details
2025.11.15 19:06:26 INFO  time: compiled tp67_acf in 2.86s
nov. 15, 2025 7:09:14 PM org.eclipse.lsp4j.jsonrpc.services.GenericEndpoint notify
INFO: Unsupported notification method: $/setTrace
nov. 15, 2025 7:09:57 PM org.eclipse.lsp4j.jsonrpc.services.GenericEndpoint notify
INFO: Unsupported notification method: $/setTrace
2025.11.16 12:03:01 INFO  Started: Metals version 1.6.3 in folders 'C:\Users\guilh\Documents\00-Master1IL\ACF\TP\TP67_ACF\TP67_ACF' for client Visual Studio Code 1.106.0.
2025.11.16 12:03:06 WARN  Using H2 2.4.240 which is newer than the version Flyway has been verified with. The latest verified version of H2 is 2.3.232.
2025.11.16 12:03:06 INFO  no build target found for C:\Users\guilh\Documents\00-Master1IL\ACF\TP\TP67_ACF\TP67_ACF\src\main\scala\tp67\tp67.scala. Using presentation compiler with project's scala-library version: 3.3.6
2025.11.16 12:03:10 INFO  no build target found for C:\Users\guilh\Documents\00-Master1IL\ACF\TP\TP67_ACF\TP67_ACF\src\main\scala\tp67\tp67.scala. Using presentation compiler with project's scala-library version: 3.3.6
2025.11.16 12:03:10 INFO  Attempting to connect to the build server...
2025.11.16 12:03:10 INFO  No running Bloop server found, starting one.
2025.11.16 12:03:11 INFO  Starting compilation server
2025.11.16 12:03:13 INFO  tracing is disabled for protocol BSP, to enable tracing of incoming and outgoing JSON messages create an empty file at C:\Users\guilh\Documents\00-Master1IL\ACF\TP\TP67_ACF\TP67_ACF\.metals\bsp.trace.json or C:\Users\guilh\AppData\Local\scalameta\metals\cache\bsp.trace.json
2025.11.16 12:03:14 INFO  Attempting to connect to the build server...
2025.11.16 12:03:14 INFO  Found a Bloop server running
2025.11.16 12:03:14 INFO  tracing is disabled for protocol BSP, to enable tracing of incoming and outgoing JSON messages create an empty file at C:\Users\guilh\Documents\00-Master1IL\ACF\TP\TP67_ACF\TP67_ACF\project\.metals\bsp.trace.json or C:\Users\guilh\AppData\Local\scalameta\metals\cache\bsp.trace.json
2025.11.16 12:03:14 INFO  time: Connected to build server in 4.12s
2025.11.16 12:03:14 INFO  Connected to Build server: Bloop v2.0.16
2025.11.16 12:03:14 INFO  time: Imported build in 0.22s
2025.11.16 12:03:23 WARN  Using H2 2.4.240 which is newer than the version Flyway has been verified with. The latest verified version of H2 is 2.3.232.
2025.11.16 12:03:26 INFO  time: indexed workspace in 11s
2025.11.16 12:28:10 INFO  file:///C:/Users/guilh/Documents/00-Master1IL/ACF/TP/TP67_ACF/TP67_ACF/src/main/scala/tp67/tp67.scala:187:21: stale bloop warning: unreachable code
  case (true, p) => p
                    ^
2025.11.16 12:28:12 INFO  compiling tp67_acf (1 scala source)
2025.11.16 12:28:13 INFO  time: code lens generation in 1.36s
2025.11.16 12:28:17 INFO  time: compiled tp67_acf in 4.65s
2025.11.16 12:28:19 INFO  time: code lens generation in 1.14s
2025.11.16 12:28:48 INFO  file:///C:/Users/guilh/Documents/00-Master1IL/ACF/TP/TP67_ACF/TP67_ACF/src/main/scala/tp67/tp67.scala:357:35: stale bloop error: constructor cannot be instantiated to expected type;
 found   : tp67.tp67.Zero
 required: tp67.tp67.Neg
                             case Zero() => Zero()
                                  ^^^^
2025.11.16 12:28:48 INFO  file:///C:/Users/guilh/Documents/00-Master1IL/ACF/TP/TP67_ACF/TP67_ACF/src/main/scala/tp67/tp67.scala:358:35: stale bloop error: constructor cannot be instantiated to expected type;
 found   : tp67.tp67.Pos
 required: tp67.tp67.Neg
                             case Pos() => Neg()
                                  ^^^
2025.11.16 12:28:48 INFO  file:///C:/Users/guilh/Documents/00-Master1IL/ACF/TP/TP67_ACF/TP67_ACF/src/main/scala/tp67/tp67.scala:359:35: stale bloop error: constructor cannot be instantiated to expected type;
 found   : tp67.tp67.Nonnul
 required: tp67.tp67.Neg
                             case Nonnul() => Any()
                                  ^^^^^^
2025.11.16 12:28:48 INFO  file:///C:/Users/guilh/Documents/00-Master1IL/ACF/TP/TP67_ACF/TP67_ACF/src/main/scala/tp67/tp67.scala:360:35: stale bloop error: constructor cannot be instantiated to expected type;
 found   : tp67.tp67.Any
 required: tp67.tp67.Neg
                             case Any() => Any()
                                  ^^^
2025.11.16 12:28:48 INFO  file:///C:/Users/guilh/Documents/00-Master1IL/ACF/TP/TP67_ACF/TP67_ACF/src/main/scala/tp67/tp67.scala:361:35: stale bloop error: constructor cannot be instantiated to expected type;
 found   : tp67.tp67.Undef
 required: tp67.tp67.Neg
                             case Undef() => Any()
                                  ^^^^^
2025.11.16 12:28:48 INFO  file:///C:/Users/guilh/Documents/00-Master1IL/ACF/TP/TP67_ACF/TP67_ACF/src/main/scala/tp67/tp67.scala:364:35: stale bloop error: constructor cannot be instantiated to expected type;
 found   : tp67.tp67.Neg
 required: tp67.tp67.Pos
                             case Neg() => Pos()
                                  ^^^
2025.11.16 12:28:48 INFO  file:///C:/Users/guilh/Documents/00-Master1IL/ACF/TP/TP67_ACF/TP67_ACF/src/main/scala/tp67/tp67.scala:365:35: stale bloop error: constructor cannot be instantiated to expected type;
 found   : tp67.tp67.Zero
 required: tp67.tp67.Pos
                             case Zero() => Zero()
                                  ^^^^
2025.11.16 12:28:48 INFO  file:///C:/Users/guilh/Documents/00-Master1IL/ACF/TP/TP67_ACF/TP67_ACF/src/main/scala/tp67/tp67.scala:367:35: stale bloop error: constructor cannot be instantiated to expected type;
 found   : tp67.tp67.Nonnul
 required: tp67.tp67.Pos
                             case Nonnul() => Any()
                                  ^^^^^^
2025.11.16 12:28:48 INFO  file:///C:/Users/guilh/Documents/00-Master1IL/ACF/TP/TP67_ACF/TP67_ACF/src/main/scala/tp67/tp67.scala:368:35: stale bloop error: constructor cannot be instantiated to expected type;
 found   : tp67.tp67.Any
 required: tp67.tp67.Pos
                             case Any() => Any()
                                  ^^^
2025.11.16 12:28:48 INFO  file:///C:/Users/guilh/Documents/00-Master1IL/ACF/TP/TP67_ACF/TP67_ACF/src/main/scala/tp67/tp67.scala:369:35: stale bloop error: constructor cannot be instantiated to expected type;
 found   : tp67.tp67.Undef
 required: tp67.tp67.Pos
                             case Undef() => Any()
                                  ^^^^^
2025.11.16 12:28:48 INFO  file:///C:/Users/guilh/Documents/00-Master1IL/ACF/TP/TP67_ACF/TP67_ACF/src/main/scala/tp67/tp67.scala:372:38: stale bloop error: constructor cannot be instantiated to expected type;
 found   : tp67.tp67.Neg
 required: tp67.tp67.Nonnul
                                case Neg() => Pos()
                                     ^^^
2025.11.16 12:28:48 INFO  file:///C:/Users/guilh/Documents/00-Master1IL/ACF/TP/TP67_ACF/TP67_ACF/src/main/scala/tp67/tp67.scala:373:38: stale bloop error: constructor cannot be instantiated to expected type;
 found   : tp67.tp67.Zero
 required: tp67.tp67.Nonnul
                                case Zero() => Zero()
                                     ^^^^
2025.11.16 12:28:48 INFO  file:///C:/Users/guilh/Documents/00-Master1IL/ACF/TP/TP67_ACF/TP67_ACF/src/main/scala/tp67/tp67.scala:374:38: stale bloop error: constructor cannot be instantiated to expected type;
 found   : tp67.tp67.Pos
 required: tp67.tp67.Nonnul
                                case Pos() => Neg()
                                     ^^^
2025.11.16 12:28:48 INFO  file:///C:/Users/guilh/Documents/00-Master1IL/ACF/TP/TP67_ACF/TP67_ACF/src/main/scala/tp67/tp67.scala:376:38: stale bloop error: constructor cannot be instantiated to expected type;
 found   : tp67.tp67.Any
 required: tp67.tp67.Nonnul
                                case Any() => Any()
                                     ^^^
2025.11.16 12:28:48 INFO  file:///C:/Users/guilh/Documents/00-Master1IL/ACF/TP/TP67_ACF/TP67_ACF/src/main/scala/tp67/tp67.scala:377:38: stale bloop error: constructor cannot be instantiated to expected type;
 found   : tp67.tp67.Undef
 required: tp67.tp67.Nonnul
                                case Undef() => Any()
                                     ^^^^^
2025.11.16 12:30:18 INFO  compiling tp67_acf (1 scala source)
2025.11.16 12:30:19 INFO  time: compiled tp67_acf in 1.59s
2025.11.16 12:30:20 INFO  time: code lens generation in 1.07s
2025.11.16 12:34:04 INFO  file:///C:/Users/guilh/Documents/00-Master1IL/ACF/TP/TP67_ACF/TP67_ACF/src/main/scala/tp67/tp67.scala:357:35: stale bloop error: constructor cannot be instantiated to expected type;
 found   : tp67.tp67.Zero
 required: tp67.tp67.Neg
                             case Zero() => Zero()
                                  ^^^^
2025.11.16 12:34:04 INFO  file:///C:/Users/guilh/Documents/00-Master1IL/ACF/TP/TP67_ACF/TP67_ACF/src/main/scala/tp67/tp67.scala:358:35: stale bloop error: constructor cannot be instantiated to expected type;
 found   : tp67.tp67.Pos
 required: tp67.tp67.Neg
                             case Pos() => Neg()
                                  ^^^
2025.11.16 12:34:04 INFO  file:///C:/Users/guilh/Documents/00-Master1IL/ACF/TP/TP67_ACF/TP67_ACF/src/main/scala/tp67/tp67.scala:359:35: stale bloop error: constructor cannot be instantiated to expected type;
 found   : tp67.tp67.Nonnul
 required: tp67.tp67.Neg
                             case Nonnul() => Any()
                                  ^^^^^^
2025.11.16 12:34:04 INFO  file:///C:/Users/guilh/Documents/00-Master1IL/ACF/TP/TP67_ACF/TP67_ACF/src/main/scala/tp67/tp67.scala:360:35: stale bloop error: constructor cannot be instantiated to expected type;
 found   : tp67.tp67.Any
 required: tp67.tp67.Neg
                             case Any() => Any()
                                  ^^^
2025.11.16 12:34:04 INFO  file:///C:/Users/guilh/Documents/00-Master1IL/ACF/TP/TP67_ACF/TP67_ACF/src/main/scala/tp67/tp67.scala:361:35: stale bloop error: constructor cannot be instantiated to expected type;
 found   : tp67.tp67.Undef
 required: tp67.tp67.Neg
                             case Undef() => Any()
                                  ^^^^^
2025.11.16 12:34:04 INFO  file:///C:/Users/guilh/Documents/00-Master1IL/ACF/TP/TP67_ACF/TP67_ACF/src/main/scala/tp67/tp67.scala:364:35: stale bloop error: constructor cannot be instantiated to expected type;
 found   : tp67.tp67.Neg
 required: tp67.tp67.Pos
                             case Neg() => Pos()
                                  ^^^
2025.11.16 12:34:04 INFO  file:///C:/Users/guilh/Documents/00-Master1IL/ACF/TP/TP67_ACF/TP67_ACF/src/main/scala/tp67/tp67.scala:365:35: stale bloop error: constructor cannot be instantiated to expected type;
 found   : tp67.tp67.Zero
 required: tp67.tp67.Pos
                             case Zero() => Zero()
                                  ^^^^
2025.11.16 12:34:04 INFO  file:///C:/Users/guilh/Documents/00-Master1IL/ACF/TP/TP67_ACF/TP67_ACF/src/main/scala/tp67/tp67.scala:367:35: stale bloop error: constructor cannot be instantiated to expected type;
 found   : tp67.tp67.Nonnul
 required: tp67.tp67.Pos
                             case Nonnul() => Any()
                                  ^^^^^^
2025.11.16 12:34:04 INFO  file:///C:/Users/guilh/Documents/00-Master1IL/ACF/TP/TP67_ACF/TP67_ACF/src/main/scala/tp67/tp67.scala:368:35: stale bloop error: constructor cannot be instantiated to expected type;
 found   : tp67.tp67.Any
 required: tp67.tp67.Pos
                             case Any() => Any()
                                  ^^^
2025.11.16 12:34:04 INFO  file:///C:/Users/guilh/Documents/00-Master1IL/ACF/TP/TP67_ACF/TP67_ACF/src/main/scala/tp67/tp67.scala:369:35: stale bloop error: constructor cannot be instantiated to expected type;
 found   : tp67.tp67.Undef
 required: tp67.tp67.Pos
                             case Undef() => Any()
                                  ^^^^^
2025.11.16 12:34:04 INFO  file:///C:/Users/guilh/Documents/00-Master1IL/ACF/TP/TP67_ACF/TP67_ACF/src/main/scala/tp67/tp67.scala:373:38: stale bloop error: constructor cannot be instantiated to expected type;
 found   : tp67.tp67.Zero
 required: tp67.tp67.Nonnul
                                case Zero() => Zero()
                                     ^^^^
2025.11.16 12:34:04 INFO  file:///C:/Users/guilh/Documents/00-Master1IL/ACF/TP/TP67_ACF/TP67_ACF/src/main/scala/tp67/tp67.scala:374:38: stale bloop error: constructor cannot be instantiated to expected type;
 found   : tp67.tp67.Pos
 required: tp67.tp67.Nonnul
                                case Pos() => Neg()
                                     ^^^
2025.11.16 12:34:04 INFO  file:///C:/Users/guilh/Documents/00-Master1IL/ACF/TP/TP67_ACF/TP67_ACF/src/main/scala/tp67/tp67.scala:376:38: stale bloop error: constructor cannot be instantiated to expected type;
 found   : tp67.tp67.Any
 required: tp67.tp67.Nonnul
                                case Any() => Any()
                                     ^^^
2025.11.16 12:34:04 INFO  file:///C:/Users/guilh/Documents/00-Master1IL/ACF/TP/TP67_ACF/TP67_ACF/src/main/scala/tp67/tp67.scala:377:38: stale bloop error: constructor cannot be instantiated to expected type;
 found   : tp67.tp67.Undef
 required: tp67.tp67.Nonnul
                                case Undef() => Any()
                                     ^^^^^
2025.11.16 12:34:06 INFO  compiling tp67_acf (1 scala source)
2025.11.16 12:34:08 INFO  time: compiled tp67_acf in 1.76s
2025.11.16 12:47:58 INFO  Shutting down server
2025.11.16 12:47:58 INFO  shutting down Metals
2025.11.16 12:47:58 INFO  Shut down connection with build server.
2025.11.16 12:47:58 INFO  Shut down connection with build server.
2025.11.16 12:47:58 INFO  Exiting server
2025.11.16 12:50:01 INFO  Started: Metals version 1.6.3 in folders 'C:\Users\guilh\Documents\00-Master1IL\ACF\TP\TP67_ACF\TP67_ACF' for client Visual Studio Code 1.106.0.
2025.11.16 12:50:03 WARN  Using H2 2.4.240 which is newer than the version Flyway has been verified with. The latest verified version of H2 is 2.3.232.
2025.11.16 12:50:03 INFO  no build target found for C:\Users\guilh\Documents\00-Master1IL\ACF\TP\TP67_ACF\TP67_ACF\src\main\scala\tp67\tp67.scala. Using presentation compiler with project's scala-library version: 3.3.6
2025.11.16 12:50:09 INFO  no build target found for C:\Users\guilh\Documents\00-Master1IL\ACF\TP\TP67_ACF\TP67_ACF\src\main\scala\tp67\tp67.scala. Using presentation compiler with project's scala-library version: 3.3.6
2025.11.16 12:50:09 INFO  Attempting to connect to the build server...
2025.11.16 12:50:09 INFO  No running Bloop server found, starting one.
2025.11.16 12:50:13 INFO  Starting compilation server
2025.11.16 12:50:18 INFO  tracing is disabled for protocol BSP, to enable tracing of incoming and outgoing JSON messages create an empty file at C:\Users\guilh\Documents\00-Master1IL\ACF\TP\TP67_ACF\TP67_ACF\.metals\bsp.trace.json or C:\Users\guilh\AppData\Local\scalameta\metals\cache\bsp.trace.json
2025.11.16 12:50:23 INFO  Attempting to connect to the build server...
2025.11.16 12:50:23 INFO  Found a Bloop server running
2025.11.16 12:50:23 INFO  tracing is disabled for protocol BSP, to enable tracing of incoming and outgoing JSON messages create an empty file at C:\Users\guilh\Documents\00-Master1IL\ACF\TP\TP67_ACF\TP67_ACF\project\.metals\bsp.trace.json or C:\Users\guilh\AppData\Local\scalameta\metals\cache\bsp.trace.json
2025.11.16 12:50:23 INFO  time: Connected to build server in 13s
2025.11.16 12:50:23 INFO  Connected to Build server: Bloop v2.0.16
2025.11.16 12:50:25 INFO  time: Imported build in 1.07s
2025.11.16 12:50:54 WARN  Using H2 2.4.240 which is newer than the version Flyway has been verified with. The latest verified version of H2 is 2.3.232.
2025.11.16 12:51:10 INFO  time: indexed workspace in 44s
2025.11.16 12:51:13 INFO  compiling tp67_acf (1 scala source)
2025.11.16 12:51:33 INFO  time: compiled tp67_acf in 19s
2025.11.16 12:51:40 INFO  time: code lens generation in 5.55s
2025.11.16 12:51:40 INFO  time: code lens generation in 5.55s
2025.11.16 12:53:35 INFO  file:///C:/Users/guilh/Documents/00-Master1IL/ACF/TP/TP67_ACF/TP67_ACF/src/main/scala/tp67/tp67.scala:357:35: stale bloop error: constructor cannot be instantiated to expected type;
 found   : tp67.tp67.Zero
 required: tp67.tp67.Neg
                             case Zero() => Zero()
                                  ^^^^
2025.11.16 12:53:35 INFO  file:///C:/Users/guilh/Documents/00-Master1IL/ACF/TP/TP67_ACF/TP67_ACF/src/main/scala/tp67/tp67.scala:358:35: stale bloop error: constructor cannot be instantiated to expected type;
 found   : tp67.tp67.Pos
 required: tp67.tp67.Neg
                             case Pos() => Neg()
                                  ^^^
2025.11.16 12:53:35 INFO  file:///C:/Users/guilh/Documents/00-Master1IL/ACF/TP/TP67_ACF/TP67_ACF/src/main/scala/tp67/tp67.scala:359:35: stale bloop error: constructor cannot be instantiated to expected type;
 found   : tp67.tp67.Nonnul
 required: tp67.tp67.Neg
                             case Nonnul() => Any()
                                  ^^^^^^
2025.11.16 12:53:35 INFO  file:///C:/Users/guilh/Documents/00-Master1IL/ACF/TP/TP67_ACF/TP67_ACF/src/main/scala/tp67/tp67.scala:360:35: stale bloop error: constructor cannot be instantiated to expected type;
 found   : tp67.tp67.Any
 required: tp67.tp67.Neg
                             case Any() => Any()
                                  ^^^
2025.11.16 12:53:35 INFO  file:///C:/Users/guilh/Documents/00-Master1IL/ACF/TP/TP67_ACF/TP67_ACF/src/main/scala/tp67/tp67.scala:361:35: stale bloop error: constructor cannot be instantiated to expected type;
 found   : tp67.tp67.Undef
 required: tp67.tp67.Neg
                             case Undef() => Any()
                                  ^^^^^
2025.11.16 12:53:35 INFO  file:///C:/Users/guilh/Documents/00-Master1IL/ACF/TP/TP67_ACF/TP67_ACF/src/main/scala/tp67/tp67.scala:364:35: stale bloop error: constructor cannot be instantiated to expected type;
 found   : tp67.tp67.Neg
 required: tp67.tp67.Pos
                             case Neg() => Pos()
                                  ^^^
2025.11.16 12:53:35 INFO  file:///C:/Users/guilh/Documents/00-Master1IL/ACF/TP/TP67_ACF/TP67_ACF/src/main/scala/tp67/tp67.scala:365:35: stale bloop error: constructor cannot be instantiated to expected type;
 found   : tp67.tp67.Zero
 required: tp67.tp67.Pos
                             case Zero() => Zero()
                                  ^^^^
2025.11.16 12:53:35 INFO  file:///C:/Users/guilh/Documents/00-Master1IL/ACF/TP/TP67_ACF/TP67_ACF/src/main/scala/tp67/tp67.scala:367:35: stale bloop error: constructor cannot be instantiated to expected type;
 found   : tp67.tp67.Nonnul
 required: tp67.tp67.Pos
                             case Nonnul() => Any()
                                  ^^^^^^
2025.11.16 12:53:35 INFO  file:///C:/Users/guilh/Documents/00-Master1IL/ACF/TP/TP67_ACF/TP67_ACF/src/main/scala/tp67/tp67.scala:368:35: stale bloop error: constructor cannot be instantiated to expected type;
 found   : tp67.tp67.Any
 required: tp67.tp67.Pos
                             case Any() => Any()
                                  ^^^
2025.11.16 12:53:35 INFO  file:///C:/Users/guilh/Documents/00-Master1IL/ACF/TP/TP67_ACF/TP67_ACF/src/main/scala/tp67/tp67.scala:369:35: stale bloop error: constructor cannot be instantiated to expected type;
 found   : tp67.tp67.Undef
 required: tp67.tp67.Pos
                             case Undef() => Any()
                                  ^^^^^
2025.11.16 12:53:35 INFO  file:///C:/Users/guilh/Documents/00-Master1IL/ACF/TP/TP67_ACF/TP67_ACF/src/main/scala/tp67/tp67.scala:372:38: stale bloop error: constructor cannot be instantiated to expected type;
 found   : tp67.tp67.Neg
 required: tp67.tp67.Nonnul
                                case Neg() => Pos()
                                     ^^^
2025.11.16 12:53:35 INFO  file:///C:/Users/guilh/Documents/00-Master1IL/ACF/TP/TP67_ACF/TP67_ACF/src/main/scala/tp67/tp67.scala:373:38: stale bloop error: constructor cannot be instantiated to expected type;
 found   : tp67.tp67.Zero
 required: tp67.tp67.Nonnul
                                case Zero() => Zero()
                                     ^^^^
2025.11.16 12:53:35 INFO  file:///C:/Users/guilh/Documents/00-Master1IL/ACF/TP/TP67_ACF/TP67_ACF/src/main/scala/tp67/tp67.scala:374:38: stale bloop error: constructor cannot be instantiated to expected type;
 found   : tp67.tp67.Pos
 required: tp67.tp67.Nonnul
                                case Pos() => Neg()
                                     ^^^
2025.11.16 12:53:35 INFO  file:///C:/Users/guilh/Documents/00-Master1IL/ACF/TP/TP67_ACF/TP67_ACF/src/main/scala/tp67/tp67.scala:376:38: stale bloop error: constructor cannot be instantiated to expected type;
 found   : tp67.tp67.Any
 required: tp67.tp67.Nonnul
                                case Any() => Any()
                                     ^^^
2025.11.16 12:53:35 INFO  file:///C:/Users/guilh/Documents/00-Master1IL/ACF/TP/TP67_ACF/TP67_ACF/src/main/scala/tp67/tp67.scala:377:38: stale bloop error: constructor cannot be instantiated to expected type;
 found   : tp67.tp67.Undef
 required: tp67.tp67.Nonnul
                                case Undef() => Any()
                                     ^^^^^
2025.11.16 12:53:42 INFO  compiling tp67_acf (1 scala source)
2025.11.16 12:53:52 WARN  6 feature warnings; re-run with -feature for details
2025.11.16 12:53:52 INFO  time: compiled tp67_acf in 9.85s
2025.11.16 15:05:11 INFO  file:///C:/Users/guilh/Documents/00-Master1IL/ACF/TP/TP67_ACF/TP67_ACF/src/main/scala/tp67/tp67.scala:173:21: stale bloop warning: unreachable code
  case (true, p) => p
                    ^
2025.11.16 15:05:15 INFO  compiling tp67_acf (1 scala source)
2025.11.16 15:05:21 WARN  6 feature warnings; re-run with -feature for details
2025.11.16 15:05:21 INFO  time: compiled tp67_acf in 5.99s
2025.11.16 16:26:12 INFO  file:///C:/Users/guilh/Documents/00-Master1IL/ACF/TP/TP67_ACF/TP67_ACF/src/main/scala/tp67/tp67.scala:173:21: stale bloop warning: unreachable code
  case (true, p) => p
                    ^
2025.11.16 16:26:13 INFO  compiling tp67_acf (1 scala source)
2025.11.16 16:26:16 WARN  6 feature warnings; re-run with -feature for details
2025.11.16 16:26:16 INFO  time: compiled tp67_acf in 3.04s
2025.11.16 16:35:00 INFO  Started: Metals version 1.6.3 in folders 'C:\Users\guilh\Documents\00-Master1IL\ACF\TP\TP67_ACF\TP67_ACF' for client Visual Studio Code 1.106.0.
2025.11.16 16:35:04 WARN  Using H2 2.4.240 which is newer than the version Flyway has been verified with. The latest verified version of H2 is 2.3.232.
2025.11.16 16:35:04 INFO  no build target found for C:\Users\guilh\Documents\00-Master1IL\ACF\TP\TP67_ACF\TP67_ACF\src\main\scala\tp67\tp67.scala. Using presentation compiler with project's scala-library version: 3.3.6
2025.11.16 16:35:05 INFO  Attempting to connect to the build server...
2025.11.16 16:35:05 INFO  No running Bloop server found, starting one.
2025.11.16 16:35:07 INFO  Starting compilation server
2025.11.16 16:35:08 INFO  tracing is disabled for protocol BSP, to enable tracing of incoming and outgoing JSON messages create an empty file at C:\Users\guilh\Documents\00-Master1IL\ACF\TP\TP67_ACF\TP67_ACF\.metals\bsp.trace.json or C:\Users\guilh\AppData\Local\scalameta\metals\cache\bsp.trace.json
2025.11.16 16:35:09 INFO  Attempting to connect to the build server...
2025.11.16 16:35:09 INFO  Found a Bloop server running
2025.11.16 16:35:09 INFO  tracing is disabled for protocol BSP, to enable tracing of incoming and outgoing JSON messages create an empty file at C:\Users\guilh\Documents\00-Master1IL\ACF\TP\TP67_ACF\TP67_ACF\project\.metals\bsp.trace.json or C:\Users\guilh\AppData\Local\scalameta\metals\cache\bsp.trace.json
2025.11.16 16:35:08 INFO  time: Connected to build server in 4.4s
2025.11.16 16:35:09 INFO  Connected to Build server: Bloop v2.0.16
2025.11.16 16:35:10 INFO  time: Imported build in 0.17s
2025.11.16 16:35:19 WARN  Using H2 2.4.240 which is newer than the version Flyway has been verified with. The latest verified version of H2 is 2.3.232.
2025.11.16 16:35:22 INFO  time: indexed workspace in 11s
2025.11.16 16:35:54 INFO  file:///C:/Users/guilh/Documents/00-Master1IL/ACF/TP/TP67_ACF/TP67_ACF/src/main/scala/tp67/tp67.scala:173:21: stale bloop warning: unreachable code
  case (true, p) => p
                    ^
2025.11.16 16:35:59 INFO  compiling tp67_acf (1 scala source)
2025.11.16 16:36:06 WARN  6 feature warnings; re-run with -feature for details
2025.11.16 16:36:06 INFO  time: compiled tp67_acf in 7.31s
2025.11.16 16:40:48 INFO  file:///C:/Users/guilh/Documents/00-Master1IL/ACF/TP/TP67_ACF/TP67_ACF/src/main/scala/tp67/tp67.scala:173:21: stale bloop warning: unreachable code
  case (true, p) => p
                    ^
2025.11.16 16:40:50 INFO  compiling tp67_acf (1 scala source)
2025.11.16 16:40:53 WARN  6 feature warnings; re-run with -feature for details
2025.11.16 16:40:53 INFO  time: compiled tp67_acf in 3.67s
2025.11.16 16:57:00 INFO  file:///C:/Users/guilh/Documents/00-Master1IL/ACF/TP/TP67_ACF/TP67_ACF/src/main/scala/tp67/tp67.scala:173:21: stale bloop warning: unreachable code
  case (true, p) => p
                    ^
2025.11.16 16:57:00 INFO  Created report: Optional[file:///C:/Users/guilh/Documents/00-Master1IL/ACF/TP/TP67_ACF/TP67_ACF/src/main/scala/tp67/tp67.scala]
2025.11.16 16:57:00 INFO  java.lang.StringIndexOutOfBoundsException: String index out of range: 0 (full report at: "C:\Users\guilh\Documents\00-Master1IL\ACF\TP\TP67_ACF\TP67_ACF\.metals\.reports\metals-full\2025-11-16\r_compiler-error_(tp67_5facf)_16-57-00-719.md")
2025.11.16 16:57:04 INFO  compiling tp67_acf (1 scala source)
2025.11.16 16:57:07 WARN  6 feature warnings; re-run with -feature for details
2025.11.16 16:57:07 INFO  time: compiled tp67_acf in 2.96s
2025.11.16 17:23:42 INFO  file:///C:/Users/guilh/Documents/00-Master1IL/ACF/TP/TP67_ACF/TP67_ACF/src/main/scala/tp67/tp67.scala:173:21: stale bloop warning: unreachable code
  case (true, p) => p
                    ^
2025.11.16 17:23:49 INFO  compiling tp67_acf (1 scala source)
2025.11.16 17:23:49 INFO  time: compiled tp67_acf in 0.13s
2025.11.16 17:23:54 INFO  compiling tp67_acf (2 scala sources)
2025.11.16 17:23:56 WARN  6 feature warnings; re-run with -feature for details
2025.11.16 17:23:56 INFO  time: compiled tp67_acf in 2.54s
2025.11.16 17:39:14 INFO  file:///C:/Users/guilh/Documents/00-Master1IL/ACF/TP/TP67_ACF/TP67_ACF/src/main/scala/tp67/tp67.scala:173:21: stale bloop warning: unreachable code
  case (true, p) => p
                    ^
2025.11.16 17:39:16 INFO  compiling tp67_acf (1 scala source)
2025.11.16 17:39:18 WARN  6 feature warnings; re-run with -feature for details
2025.11.16 17:39:18 INFO  time: compiled tp67_acf in 2.34s
2025.11.16 21:04:45 INFO  Started: Metals version 1.6.3 in folders 'C:\Users\guilh\Documents\00-Master1IL\ACF\TP\TP67_ACF\TP67_ACF' for client Visual Studio Code 1.106.0.
2025.11.16 21:04:49 WARN  Using H2 2.4.240 which is newer than the version Flyway has been verified with. The latest verified version of H2 is 2.3.232.
2025.11.16 21:04:49 INFO  no build target found for C:\Users\guilh\Documents\00-Master1IL\ACF\TP\TP67_ACF\TP67_ACF\src\main\scala\tp67\Analyzer.scala. Using presentation compiler with project's scala-library version: 3.3.6
nov. 16, 2025 9:04:51 PM org.eclipse.lsp4j.jsonrpc.RemoteEndpoint handleCancellation
WARNING: Unmatched cancel notification for request id 5
2025.11.16 21:04:51 INFO  no build target found for C:\Users\guilh\Documents\00-Master1IL\ACF\TP\TP67_ACF\TP67_ACF\src\main\scala\tp67\Analyzer.scala. Using presentation compiler with project's scala-library version: 3.3.6
2025.11.16 21:04:51 INFO  no build target found for C:\Users\guilh\Documents\00-Master1IL\ACF\TP\TP67_ACF\TP67_ACF\src\main\scala\tp67\Analyzer.scala. Using presentation compiler with project's scala-library version: 3.3.6
2025.11.16 21:04:51 INFO  no build target found for C:\Users\guilh\Documents\00-Master1IL\ACF\TP\TP67_ACF\TP67_ACF\src\main\scala\tp67\Analyzer.scala. Using presentation compiler with project's scala-library version: 3.3.6
nov. 16, 2025 9:04:51 PM org.eclipse.lsp4j.jsonrpc.RemoteEndpoint handleCancellation
WARNING: Unmatched cancel notification for request id 1
nov. 16, 2025 9:04:51 PM org.eclipse.lsp4j.jsonrpc.RemoteEndpoint handleCancellation
WARNING: Unmatched cancel notification for request id 3
nov. 16, 2025 9:04:51 PM org.eclipse.lsp4j.jsonrpc.RemoteEndpoint handleCancellation
WARNING: Unmatched cancel notification for request id 8
2025.11.16 21:04:51 INFO  no build target found for C:\Users\guilh\Documents\00-Master1IL\ACF\TP\TP67_ACF\TP67_ACF\src\main\scala\tp67\Analyzer.scala. Using presentation compiler with project's scala-library version: 3.3.6
2025.11.16 21:04:51 INFO  no build target found for C:\Users\guilh\Documents\00-Master1IL\ACF\TP\TP67_ACF\TP67_ACF\src\main\scala\tp67\Analyzer.scala. Using presentation compiler with project's scala-library version: 3.3.6
2025.11.16 21:04:51 INFO  Attempting to connect to the build server...
nov. 16, 2025 9:04:51 PM org.eclipse.lsp4j.jsonrpc.RemoteEndpoint handleCancellation
WARNING: Unmatched cancel notification for request id 9
2025.11.16 21:04:51 INFO  no build target found for C:\Users\guilh\Documents\00-Master1IL\ACF\TP\TP67_ACF\TP67_ACF\src\main\scala\tp67\Analyzer.scala. Using presentation compiler with project's scala-library version: 3.3.6
nov. 16, 2025 9:04:51 PM org.eclipse.lsp4j.jsonrpc.RemoteEndpoint handleCancellation
WARNING: Unmatched cancel notification for request id 11
nov. 16, 2025 9:04:51 PM org.eclipse.lsp4j.jsonrpc.RemoteEndpoint handleCancellation
WARNING: Unmatched cancel notification for request id 17
nov. 16, 2025 9:04:51 PM org.eclipse.lsp4j.jsonrpc.RemoteEndpoint handleCancellation
WARNING: Unmatched cancel notification for request id 10
2025.11.16 21:04:51 INFO  No running Bloop server found, starting one.
2025.11.16 21:04:51 INFO  no build target found for C:\Users\guilh\Documents\00-Master1IL\ACF\TP\TP67_ACF\TP67_ACF\src\main\scala\tp67\Analyzer.scala. Using presentation compiler with project's scala-library version: 3.3.6
2025.11.16 21:04:51 WARN  no build target for: C:\Users\guilh\Documents\00-Master1IL\ACF\TP\TP67_ACF\TP67_ACF\src\main\scala\tp67\Analyzer.scala
2025.11.16 21:04:51 INFO  no build target found for C:\Users\guilh\Documents\00-Master1IL\ACF\TP\TP67_ACF\TP67_ACF\src\main\scala\tp67\Analyzer.scala. Using presentation compiler with project's scala-library version: 3.3.6
2025.11.16 21:04:52 INFO  no build target found for C:\Users\guilh\Documents\00-Master1IL\ACF\TP\TP67_ACF\TP67_ACF\src\main\scala\tp67\tp67.scala. Using presentation compiler with project's scala-library version: 3.3.6
2025.11.16 21:04:53 INFO  Starting compilation server
nov. 16, 2025 9:04:55 PM org.eclipse.lsp4j.jsonrpc.RemoteEndpoint handleCancellation
WARNING: Unmatched cancel notification for request id 22
2025.11.16 21:04:55 INFO  no build target found for C:\Users\guilh\Documents\00-Master1IL\ACF\TP\TP67_ACF\TP67_ACF\src\main\scala\tp67\tp67.scala. Using presentation compiler with project's scala-library version: 3.3.6
nov. 16, 2025 9:04:55 PM org.eclipse.lsp4j.jsonrpc.RemoteEndpoint handleCancellation
WARNING: Unmatched cancel notification for request id 27
2025.11.16 21:04:55 WARN  no build target for: C:\Users\guilh\Documents\00-Master1IL\ACF\TP\TP67_ACF\TP67_ACF\src\main\scala\tp67\Analyzer.scala
2025.11.16 21:04:55 INFO  no build target found for C:\Users\guilh\Documents\00-Master1IL\ACF\TP\TP67_ACF\TP67_ACF\src\main\scala\tp67\Analyzer.scala. Using presentation compiler with project's scala-library version: 3.3.6
2025.11.16 21:04:55 INFO  no build target found for C:\Users\guilh\Documents\00-Master1IL\ACF\TP\TP67_ACF\TP67_ACF\src\main\scala\tp67\Analyzer.scala. Using presentation compiler with project's scala-library version: 3.3.6
nov. 16, 2025 9:04:55 PM org.eclipse.lsp4j.jsonrpc.RemoteEndpoint handleCancellation
WARNING: Unmatched cancel notification for request id 29
2025.11.16 21:04:55 INFO  no build target found for C:\Users\guilh\Documents\00-Master1IL\ACF\TP\TP67_ACF\TP67_ACF\src\main\scala\tp67\Analyzer.scala. Using presentation compiler with project's scala-library version: 3.3.6
2025.11.16 21:04:55 INFO  tracing is disabled for protocol BSP, to enable tracing of incoming and outgoing JSON messages create an empty file at C:\Users\guilh\Documents\00-Master1IL\ACF\TP\TP67_ACF\TP67_ACF\.metals\bsp.trace.json or C:\Users\guilh\AppData\Local\scalameta\metals\cache\bsp.trace.json
2025.11.16 21:04:56 INFO  Attempting to connect to the build server...
2025.11.16 21:04:56 INFO  Found a Bloop server running
2025.11.16 21:04:56 INFO  tracing is disabled for protocol BSP, to enable tracing of incoming and outgoing JSON messages create an empty file at C:\Users\guilh\Documents\00-Master1IL\ACF\TP\TP67_ACF\TP67_ACF\project\.metals\bsp.trace.json or C:\Users\guilh\AppData\Local\scalameta\metals\cache\bsp.trace.json
2025.11.16 21:04:56 INFO  time: Connected to build server in 4.91s
2025.11.16 21:04:56 INFO  Connected to Build server: Bloop v2.0.16
2025.11.16 21:04:56 INFO  time: Imported build in 0.22s
2025.11.16 21:05:05 WARN  Using H2 2.4.240 which is newer than the version Flyway has been verified with. The latest verified version of H2 is 2.3.232.
2025.11.16 21:05:08 INFO  time: indexed workspace in 11s
2025.11.16 21:05:09 INFO  compiling tp67_acf (2 scala sources)
2025.11.16 21:05:19 WARN  6 feature warnings; re-run with -feature for details
2025.11.16 21:05:19 INFO  time: compiled tp67_acf in 9.79s
2025.11.16 21:15:39 INFO  file:///C:/Users/guilh/Documents/00-Master1IL/ACF/TP/TP67_ACF/TP67_ACF/src/main/scala/tp67/tp67.scala:173:21: stale bloop warning: unreachable code
  case (true, p) => p
                    ^
2025.11.16 21:15:40 INFO  compiling tp67_acf (1 scala source)
2025.11.16 21:15:44 WARN  6 feature warnings; re-run with -feature for details
2025.11.16 21:15:44 INFO  time: compiled tp67_acf in 3.81s
2025.11.17 11:14:41 ERROR Bloop 'bsp' command exited with code 1. Something may be wrong with the current configuration.
Running the [1mclean[0m sub-command to clear the working directory and remove caches might help.
If the error persists, please report the issue as a bug and attach a log with increased verbosity by passing [1m-v -v -v[0m.
2025.11.17 11:14:41 ERROR Bloop 'bsp' command exited with code 1. Something may be wrong with the current configuration.
Running the [1mclean[0m sub-command to clear the working directory and remove caches might help.
If the error persists, please report the issue as a bug and attach a log with increased verbosity by passing [1m-v -v -v[0m.
2025.11.17 11:14:41 INFO  No running Bloop server found, starting one.
2025.11.17 11:14:41 INFO  No running Bloop server found, starting one.
2025.11.17 11:14:42 INFO  Starting compilation server
2025.11.17 11:14:42 INFO  Starting compilation server
2025.11.17 15:03:21 INFO  Started: Metals version 1.6.3 in folders 'C:\Users\guilh\Documents\00-Master1IL\ACF\TP\TP67_ACF\TP67_ACF' for client Visual Studio Code 1.106.0.
2025.11.17 15:03:25 WARN  Using H2 2.4.240 which is newer than the version Flyway has been verified with. The latest verified version of H2 is 2.3.232.
2025.11.17 15:03:25 INFO  no build target found for C:\Users\guilh\Documents\00-Master1IL\ACF\TP\TP67_ACF\TP67_ACF\src\main\scala\tp67\tp67.scala. Using presentation compiler with project's scala-library version: 3.3.6
2025.11.17 15:03:26 INFO  Attempting to connect to the build server...
2025.11.17 15:03:26 INFO  No running Bloop server found, starting one.
2025.11.17 15:03:27 INFO  Starting compilation server
2025.11.17 15:03:29 INFO  tracing is disabled for protocol BSP, to enable tracing of incoming and outgoing JSON messages create an empty file at C:\Users\guilh\Documents\00-Master1IL\ACF\TP\TP67_ACF\TP67_ACF\.metals\bsp.trace.json or C:\Users\guilh\AppData\Local\scalameta\metals\cache\bsp.trace.json
2025.11.17 15:03:29 INFO  Attempting to connect to the build server...
2025.11.17 15:03:29 INFO  Found a Bloop server running
2025.11.17 15:03:30 INFO  tracing is disabled for protocol BSP, to enable tracing of incoming and outgoing JSON messages create an empty file at C:\Users\guilh\Documents\00-Master1IL\ACF\TP\TP67_ACF\TP67_ACF\project\.metals\bsp.trace.json or C:\Users\guilh\AppData\Local\scalameta\metals\cache\bsp.trace.json
2025.11.17 15:03:30 INFO  time: Connected to build server in 4.03s
2025.11.17 15:03:30 INFO  Connected to Build server: Bloop v2.0.16
2025.11.17 15:03:30 INFO  time: Imported build in 0.29s
2025.11.17 15:03:39 WARN  Using H2 2.4.240 which is newer than the version Flyway has been verified with. The latest verified version of H2 is 2.3.232.
2025.11.17 15:03:41 INFO  time: indexed workspace in 10s
